<?xml version="1.0" encoding="UTF-8"?>
<testng-results ignored="0" total="1" passed="1" failed="0" skipped="0">
  <reporter-output>
  </reporter-output>
  <suite started-at="2024-04-02T20:17:28 IST" name="Default suite" finished-at="2024-04-02T20:17:43 IST" duration-ms="14921">
    <groups>
    </groups>
    <test started-at="2024-04-02T20:17:28 IST" name="Default test" finished-at="2024-04-02T20:17:43 IST" duration-ms="14921">
      <class name="stepdefinitions.BusProvider">
        <test-method signature="Program(java.lang.String,java.lang.String)[pri:0, instance:stepdefinitions.BusProvider@3e08ff24]" started-at="2024-04-02T20:17:28 IST" name="Program" data-provider="testdata" finished-at="2024-04-02T20:17:43 IST" duration-ms="14206" status="PASS">
          <params>
            <param index="0">
              <value>
                <![CDATA[Hyderabad,Telangana]]>
              </value>
            </param>
            <param index="1">
              <value>
                <![CDATA[Goa]]>
              </value>
            </param>
          </params>
          <reporter-output>
          </reporter-output>
        </test-method> <!-- Program -->
      </class> <!-- stepdefinitions.BusProvider -->
    </test> <!-- Default test -->
  </suite> <!-- Default suite -->
</testng-results>
